<?xml version="1.0" encoding="UTF-8"?>
<testsuite name="NegativeTests" tests="1" skipped="0" failures="0" errors="0" timestamp="2026-05-26T07:54:58.826Z" hostname="WIN-7KJJIU7E2G9" time="7.79">
  <properties/>
  <testcase name="loginPageShouldHaveEmptyFields()" classname="NegativeTests" time="7.782"/>
  <system-out><![CDATA[]]></system-out>
  <system-err><![CDATA[SLF4J(W): No SLF4J providers were found.
SLF4J(W): Defaulting to no-operation (NOP) logger implementation
SLF4J(W): See https://www.slf4j.org/codes.html#noProviders for further details.
мая 26, 2026 10:55:02 AM org.openqa.selenium.devtools.CdpVersionFinder findNearestMatch
WARNING: Unable to find CDP implementation matching 148
мая 26, 2026 10:55:02 AM org.openqa.selenium.chromium.ChromiumDriver lambda$new$4
WARNING: Unable to find version of CDP to use for 148.0.7778.179. You may need to include a dependency on a specific version of the CDP using something similar to `org.seleniumhq.selenium:selenium-devtools-v86:4.34.0` where the version ("v86") matches the version of the chromium-based browser you're using and the version number of the artifact is the same as Selenium's.
]]></system-err>
</testsuite>
